-------------------------------------------------------------------------------
Test set: br.com.ads.aa.arranjos.AleatoriosTest
-------------------------------------------------------------------------------
Tests run: 1, Failures: 1, Errors: 0, Skipped: 0, Time elapsed: 0 s <<< FAILURE! - in br.com.ads.aa.arranjos.AleatoriosTest
test  Time elapsed: 0 s  <<< FAILURE!
org.opentest4j.AssertionFailedError: Not yet implemented
	at br.com.ads.aa.arranjos.AleatoriosTest.test(AleatoriosTest.java:11)

